<?xml version="1.0" encoding="UTF-8"?>
<!-- Generated by org.testng.reporters.JUnitReportReporter -->
<testsuite hostname="QaBoxVM02" failures="0" tests="2" name="CucumberOptions.TestNGRunner" time="38.118" errors="0" timestamp="2025-03-18T13:13:41 UTC" skipped="0">
  <testcase classname="CucumberOptions.TestNGRunner" name="runScenario" time="18.214"/>
  <testcase classname="CucumberOptions.TestNGRunner" name="runScenario" time="19.904"/>
</testsuite> <!-- CucumberOptions.TestNGRunner -->
