<?xml version="1.0" encoding="UTF-8"?>
<!-- Generated by org.testng.reporters.JUnitReportReporter -->
<testsuite hostname="QaBoxVM02" failures="0" tests="2" name="CucumberOptions.TestNGRunner" time="70.793" errors="0" timestamp="2025-03-20T07:59:43 UTC" skipped="0">
  <testcase classname="CucumberOptions.TestNGRunner" name="runScenario" time="31.882"/>
  <testcase classname="CucumberOptions.TestNGRunner" name="runScenario" time="38.911"/>
</testsuite> <!-- CucumberOptions.TestNGRunner -->
